<?xml version="1.0" encoding="UTF-8"?>
<!-- Generated by org.testng.reporters.JUnitReportReporter -->
<testsuite skipped="0" hostname="Praveen" name="Rest_Test.Get_Data" tests="1" failures="0" timestamp="15 Nov 2022 14:38:18 GMT" time="1.951" errors="0">
  <testcase name="testResponsecode" time="1.951" classname="Rest_Test.Get_Data"/>
</testsuite> <!-- Rest_Test.Get_Data -->
